[INFO ] 2023-12-17 23:45:19.975 [main] UserTests - **************Deleting user****************
[INFO ] 2023-12-17 23:46:59.659 [main] UserTests - **************Creating user****************
[INFO ] 2023-12-17 23:47:02.920 [main] UserTests - **************User created****************
[INFO ] 2023-12-17 23:47:02.933 [main] UserTests - **************Getting user****************
[INFO ] 2023-12-17 23:47:04.680 [main] UserTests - **************User details fetched****************
[INFO ] 2023-12-17 23:47:04.681 [main] UserTests - **************Updating user****************
[INFO ] 2023-12-17 23:47:07.800 [main] UserTests - **************User updated successfully****************
[INFO ] 2023-12-17 23:47:07.802 [main] UserTests - **************Deleting user****************
[INFO ] 2023-12-17 23:47:10.874 [main] UserTests - **************User deleted successfully****************
[INFO ] 2023-12-17 23:48:56.728 [main] UserTests - **************Creating user****************
[INFO ] 2023-12-17 23:48:59.973 [main] UserTests - **************User created****************
[INFO ] 2023-12-17 23:48:59.985 [main] UserTests - **************Getting user****************
[INFO ] 2023-12-17 23:49:01.552 [main] UserTests - **************User details fetched****************
[INFO ] 2023-12-17 23:49:01.554 [main] UserTests - **************Updating user****************
[INFO ] 2023-12-17 23:49:04.652 [main] UserTests - **************User updated successfully****************
[INFO ] 2023-12-17 23:49:04.654 [main] UserTests - **************Deleting user****************
[INFO ] 2023-12-17 23:49:08.761 [main] UserTests - **************User deleted successfully****************
[DEBUG] 2023-12-17 23:49:08.906 [main] PackageRelationshipCollection - Parsing relationship: /xl/_rels/workbook.xml.rels
[DEBUG] 2023-12-17 23:49:08.909 [main] PackageRelationshipCollection - Parsing relationship: /xl/worksheets/_rels/sheet1.xml.rels
[DEBUG] 2023-12-17 23:49:08.911 [main] PackageRelationshipCollection - Parsing relationship: /_rels/.rels
[DEBUG] 2023-12-17 23:49:09.292 [main] PackageRelationshipCollection - Parsing relationship: /xl/_rels/workbook.xml.rels
[DEBUG] 2023-12-17 23:49:09.293 [main] PackageRelationshipCollection - Parsing relationship: /xl/worksheets/_rels/sheet1.xml.rels
[DEBUG] 2023-12-17 23:49:09.293 [main] PackageRelationshipCollection - Parsing relationship: /_rels/.rels
[DEBUG] 2023-12-17 23:49:09.313 [main] PackageRelationshipCollection - Parsing relationship: /xl/_rels/workbook.xml.rels
[DEBUG] 2023-12-17 23:49:09.314 [main] PackageRelationshipCollection - Parsing relationship: /xl/worksheets/_rels/sheet1.xml.rels
[DEBUG] 2023-12-17 23:49:09.315 [main] PackageRelationshipCollection - Parsing relationship: /_rels/.rels
[DEBUG] 2023-12-17 23:49:09.352 [main] PackageRelationshipCollection - Parsing relationship: /xl/_rels/workbook.xml.rels
[DEBUG] 2023-12-17 23:49:09.353 [main] PackageRelationshipCollection - Parsing relationship: /xl/worksheets/_rels/sheet1.xml.rels
[DEBUG] 2023-12-17 23:49:09.354 [main] PackageRelationshipCollection - Parsing relationship: /_rels/.rels
[DEBUG] 2023-12-17 23:49:09.377 [main] PackageRelationshipCollection - Parsing relationship: /xl/_rels/workbook.xml.rels
[DEBUG] 2023-12-17 23:49:09.378 [main] PackageRelationshipCollection - Parsing relationship: /xl/worksheets/_rels/sheet1.xml.rels
[DEBUG] 2023-12-17 23:49:09.378 [main] PackageRelationshipCollection - Parsing relationship: /_rels/.rels
[DEBUG] 2023-12-17 23:49:09.400 [main] PackageRelationshipCollection - Parsing relationship: /xl/_rels/workbook.xml.rels
[DEBUG] 2023-12-17 23:49:09.401 [main] PackageRelationshipCollection - Parsing relationship: /xl/worksheets/_rels/sheet1.xml.rels
[DEBUG] 2023-12-17 23:49:09.402 [main] PackageRelationshipCollection - Parsing relationship: /_rels/.rels
[DEBUG] 2023-12-17 23:49:09.427 [main] PackageRelationshipCollection - Parsing relationship: /xl/_rels/workbook.xml.rels
[DEBUG] 2023-12-17 23:49:09.427 [main] PackageRelationshipCollection - Parsing relationship: /xl/worksheets/_rels/sheet1.xml.rels
[DEBUG] 2023-12-17 23:49:09.428 [main] PackageRelationshipCollection - Parsing relationship: /_rels/.rels
[DEBUG] 2023-12-17 23:49:09.537 [main] PackageRelationshipCollection - Parsing relationship: /xl/_rels/workbook.xml.rels
[DEBUG] 2023-12-17 23:49:09.540 [main] PackageRelationshipCollection - Parsing relationship: /xl/worksheets/_rels/sheet1.xml.rels
[DEBUG] 2023-12-17 23:49:09.542 [main] PackageRelationshipCollection - Parsing relationship: /_rels/.rels
[DEBUG] 2023-12-17 23:49:09.567 [main] PackageRelationshipCollection - Parsing relationship: /xl/_rels/workbook.xml.rels
[DEBUG] 2023-12-17 23:49:09.568 [main] PackageRelationshipCollection - Parsing relationship: /xl/worksheets/_rels/sheet1.xml.rels
[DEBUG] 2023-12-17 23:49:09.569 [main] PackageRelationshipCollection - Parsing relationship: /_rels/.rels
[DEBUG] 2023-12-17 23:49:09.595 [main] PackageRelationshipCollection - Parsing relationship: /xl/_rels/workbook.xml.rels
[DEBUG] 2023-12-17 23:49:09.596 [main] PackageRelationshipCollection - Parsing relationship: /xl/worksheets/_rels/sheet1.xml.rels
[DEBUG] 2023-12-17 23:49:09.597 [main] PackageRelationshipCollection - Parsing relationship: /_rels/.rels
[DEBUG] 2023-12-17 23:49:09.629 [main] PackageRelationshipCollection - Parsing relationship: /xl/_rels/workbook.xml.rels
[DEBUG] 2023-12-17 23:49:09.630 [main] PackageRelationshipCollection - Parsing relationship: /xl/worksheets/_rels/sheet1.xml.rels
[DEBUG] 2023-12-17 23:49:09.630 [main] PackageRelationshipCollection - Parsing relationship: /_rels/.rels
[DEBUG] 2023-12-17 23:49:09.661 [main] PackageRelationshipCollection - Parsing relationship: /xl/_rels/workbook.xml.rels
[DEBUG] 2023-12-17 23:49:09.662 [main] PackageRelationshipCollection - Parsing relationship: /xl/worksheets/_rels/sheet1.xml.rels
[DEBUG] 2023-12-17 23:49:09.663 [main] PackageRelationshipCollection - Parsing relationship: /_rels/.rels
[DEBUG] 2023-12-17 23:49:09.685 [main] PackageRelationshipCollection - Parsing relationship: /xl/_rels/workbook.xml.rels
[DEBUG] 2023-12-17 23:49:09.686 [main] PackageRelationshipCollection - Parsing relationship: /xl/worksheets/_rels/sheet1.xml.rels
[DEBUG] 2023-12-17 23:49:09.686 [main] PackageRelationshipCollection - Parsing relationship: /_rels/.rels
[DEBUG] 2023-12-17 23:49:09.709 [main] PackageRelationshipCollection - Parsing relationship: /xl/_rels/workbook.xml.rels
[DEBUG] 2023-12-17 23:49:09.710 [main] PackageRelationshipCollection - Parsing relationship: /xl/worksheets/_rels/sheet1.xml.rels
[DEBUG] 2023-12-17 23:49:09.710 [main] PackageRelationshipCollection - Parsing relationship: /_rels/.rels
[DEBUG] 2023-12-17 23:49:09.733 [main] PackageRelationshipCollection - Parsing relationship: /xl/_rels/workbook.xml.rels
[DEBUG] 2023-12-17 23:49:09.734 [main] PackageRelationshipCollection - Parsing relationship: /xl/worksheets/_rels/sheet1.xml.rels
[DEBUG] 2023-12-17 23:49:09.734 [main] PackageRelationshipCollection - Parsing relationship: /_rels/.rels
[DEBUG] 2023-12-17 23:49:09.753 [main] PackageRelationshipCollection - Parsing relationship: /xl/_rels/workbook.xml.rels
[DEBUG] 2023-12-17 23:49:09.753 [main] PackageRelationshipCollection - Parsing relationship: /xl/worksheets/_rels/sheet1.xml.rels
[DEBUG] 2023-12-17 23:49:09.754 [main] PackageRelationshipCollection - Parsing relationship: /_rels/.rels
[DEBUG] 2023-12-17 23:49:09.783 [main] PackageRelationshipCollection - Parsing relationship: /xl/_rels/workbook.xml.rels
[DEBUG] 2023-12-17 23:49:09.784 [main] PackageRelationshipCollection - Parsing relationship: /xl/worksheets/_rels/sheet1.xml.rels
[DEBUG] 2023-12-17 23:49:09.785 [main] PackageRelationshipCollection - Parsing relationship: /_rels/.rels
[DEBUG] 2023-12-17 23:49:09.803 [main] PackageRelationshipCollection - Parsing relationship: /xl/_rels/workbook.xml.rels
[DEBUG] 2023-12-17 23:49:09.804 [main] PackageRelationshipCollection - Parsing relationship: /xl/worksheets/_rels/sheet1.xml.rels
[DEBUG] 2023-12-17 23:49:09.804 [main] PackageRelationshipCollection - Parsing relationship: /_rels/.rels
[DEBUG] 2023-12-17 23:49:09.827 [main] PackageRelationshipCollection - Parsing relationship: /xl/_rels/workbook.xml.rels
[DEBUG] 2023-12-17 23:49:09.829 [main] PackageRelationshipCollection - Parsing relationship: /xl/worksheets/_rels/sheet1.xml.rels
[DEBUG] 2023-12-17 23:49:09.831 [main] PackageRelationshipCollection - Parsing relationship: /_rels/.rels
[DEBUG] 2023-12-17 23:49:09.853 [main] PackageRelationshipCollection - Parsing relationship: /xl/_rels/workbook.xml.rels
[DEBUG] 2023-12-17 23:49:09.854 [main] PackageRelationshipCollection - Parsing relationship: /xl/worksheets/_rels/sheet1.xml.rels
[DEBUG] 2023-12-17 23:49:09.854 [main] PackageRelationshipCollection - Parsing relationship: /_rels/.rels
[DEBUG] 2023-12-17 23:49:09.877 [main] PackageRelationshipCollection - Parsing relationship: /xl/_rels/workbook.xml.rels
[DEBUG] 2023-12-17 23:49:09.878 [main] PackageRelationshipCollection - Parsing relationship: /xl/worksheets/_rels/sheet1.xml.rels
[DEBUG] 2023-12-17 23:49:09.879 [main] PackageRelationshipCollection - Parsing relationship: /_rels/.rels
[DEBUG] 2023-12-17 23:49:09.900 [main] PackageRelationshipCollection - Parsing relationship: /xl/_rels/workbook.xml.rels
[DEBUG] 2023-12-17 23:49:09.901 [main] PackageRelationshipCollection - Parsing relationship: /xl/worksheets/_rels/sheet1.xml.rels
[DEBUG] 2023-12-17 23:49:09.901 [main] PackageRelationshipCollection - Parsing relationship: /_rels/.rels
[DEBUG] 2023-12-17 23:49:09.920 [main] PackageRelationshipCollection - Parsing relationship: /xl/_rels/workbook.xml.rels
[DEBUG] 2023-12-17 23:49:09.921 [main] PackageRelationshipCollection - Parsing relationship: /xl/worksheets/_rels/sheet1.xml.rels
[DEBUG] 2023-12-17 23:49:09.922 [main] PackageRelationshipCollection - Parsing relationship: /_rels/.rels
[DEBUG] 2023-12-17 23:49:09.935 [main] PackageRelationshipCollection - Parsing relationship: /xl/_rels/workbook.xml.rels
[DEBUG] 2023-12-17 23:49:09.935 [main] PackageRelationshipCollection - Parsing relationship: /xl/worksheets/_rels/sheet1.xml.rels
[DEBUG] 2023-12-17 23:49:09.936 [main] PackageRelationshipCollection - Parsing relationship: /_rels/.rels
[DEBUG] 2023-12-17 23:49:09.956 [main] PackageRelationshipCollection - Parsing relationship: /xl/_rels/workbook.xml.rels
[DEBUG] 2023-12-17 23:49:09.959 [main] PackageRelationshipCollection - Parsing relationship: /xl/worksheets/_rels/sheet1.xml.rels
[DEBUG] 2023-12-17 23:49:09.960 [main] PackageRelationshipCollection - Parsing relationship: /_rels/.rels
[DEBUG] 2023-12-17 23:49:09.978 [main] PackageRelationshipCollection - Parsing relationship: /xl/_rels/workbook.xml.rels
[DEBUG] 2023-12-17 23:49:09.978 [main] PackageRelationshipCollection - Parsing relationship: /xl/worksheets/_rels/sheet1.xml.rels
[DEBUG] 2023-12-17 23:49:09.979 [main] PackageRelationshipCollection - Parsing relationship: /_rels/.rels
[DEBUG] 2023-12-17 23:49:09.994 [main] PackageRelationshipCollection - Parsing relationship: /xl/_rels/workbook.xml.rels
[DEBUG] 2023-12-17 23:49:09.996 [main] PackageRelationshipCollection - Parsing relationship: /xl/worksheets/_rels/sheet1.xml.rels
[DEBUG] 2023-12-17 23:49:09.996 [main] PackageRelationshipCollection - Parsing relationship: /_rels/.rels
[DEBUG] 2023-12-17 23:49:10.012 [main] PackageRelationshipCollection - Parsing relationship: /xl/_rels/workbook.xml.rels
[DEBUG] 2023-12-17 23:49:10.013 [main] PackageRelationshipCollection - Parsing relationship: /xl/worksheets/_rels/sheet1.xml.rels
[DEBUG] 2023-12-17 23:49:10.013 [main] PackageRelationshipCollection - Parsing relationship: /_rels/.rels
[DEBUG] 2023-12-17 23:49:10.030 [main] PackageRelationshipCollection - Parsing relationship: /xl/_rels/workbook.xml.rels
[DEBUG] 2023-12-17 23:49:10.031 [main] PackageRelationshipCollection - Parsing relationship: /xl/worksheets/_rels/sheet1.xml.rels
[DEBUG] 2023-12-17 23:49:10.032 [main] PackageRelationshipCollection - Parsing relationship: /_rels/.rels
[DEBUG] 2023-12-17 23:49:10.049 [main] PackageRelationshipCollection - Parsing relationship: /xl/_rels/workbook.xml.rels
[DEBUG] 2023-12-17 23:49:10.050 [main] PackageRelationshipCollection - Parsing relationship: /xl/worksheets/_rels/sheet1.xml.rels
[DEBUG] 2023-12-17 23:49:10.051 [main] PackageRelationshipCollection - Parsing relationship: /_rels/.rels
[DEBUG] 2023-12-17 23:49:16.659 [main] PackageRelationshipCollection - Parsing relationship: /xl/_rels/workbook.xml.rels
[DEBUG] 2023-12-17 23:49:16.660 [main] PackageRelationshipCollection - Parsing relationship: /xl/worksheets/_rels/sheet1.xml.rels
[DEBUG] 2023-12-17 23:49:16.661 [main] PackageRelationshipCollection - Parsing relationship: /_rels/.rels
[DEBUG] 2023-12-17 23:49:16.673 [main] PackageRelationshipCollection - Parsing relationship: /xl/_rels/workbook.xml.rels
[DEBUG] 2023-12-17 23:49:16.674 [main] PackageRelationshipCollection - Parsing relationship: /xl/worksheets/_rels/sheet1.xml.rels
[DEBUG] 2023-12-17 23:49:16.675 [main] PackageRelationshipCollection - Parsing relationship: /_rels/.rels
[DEBUG] 2023-12-17 23:49:16.685 [main] PackageRelationshipCollection - Parsing relationship: /xl/_rels/workbook.xml.rels
[DEBUG] 2023-12-17 23:49:16.685 [main] PackageRelationshipCollection - Parsing relationship: /xl/worksheets/_rels/sheet1.xml.rels
[DEBUG] 2023-12-17 23:49:16.685 [main] PackageRelationshipCollection - Parsing relationship: /_rels/.rels
[DEBUG] 2023-12-17 23:49:16.700 [main] PackageRelationshipCollection - Parsing relationship: /xl/_rels/workbook.xml.rels
[DEBUG] 2023-12-17 23:49:16.700 [main] PackageRelationshipCollection - Parsing relationship: /xl/worksheets/_rels/sheet1.xml.rels
[DEBUG] 2023-12-17 23:49:16.700 [main] PackageRelationshipCollection - Parsing relationship: /_rels/.rels
[DEBUG] 2023-12-17 23:49:16.714 [main] PackageRelationshipCollection - Parsing relationship: /xl/_rels/workbook.xml.rels
[DEBUG] 2023-12-17 23:49:16.715 [main] PackageRelationshipCollection - Parsing relationship: /xl/worksheets/_rels/sheet1.xml.rels
[DEBUG] 2023-12-17 23:49:16.715 [main] PackageRelationshipCollection - Parsing relationship: /_rels/.rels
